<?xml version="1.0"?><coverage lines-covered="992" lines-valid="1091" line-rate="0.9092575618698442" branches-covered="0" branches-valid="0" branch-rate="0" complexity="0" version="1.9" timestamp="1769700915"><sources><source>/home/clemens/dev/rust-scte35-editor/scte35-editor</source></sources><packages><package name="src" line-rate="0.9092575618698442" branch-rate="0" complexity="0"><classes><class name="cli" filename="src/cli.rs" line-rate="1" branch-rate="0" complexity="0"><methods/><lines><line number="20" hits="1"/><line number="21" hits="1"/><line number="22" hits="1"/><line number="23" hits="1"/><line number="24" hits="1"/><line number="25" hits="1"/><line number="27" hits="1"/><line number="28" hits="1"/><line number="30" hits="1"/><line number="31" hits="1"/><line number="184" hits="1"/><line number="186" hits="1"/><line number="187" hits="1"/><line number="188" hits="1"/><line number="192" hits="1"/><line number="196" hits="1"/><line number="200" hits="2"/><line number="201" hits="1"/><line number="203" hits="1"/><line number="206" hits="1"/><line number="208" hits="1"/><line number="209" hits="1"/><line number="210" hits="1"/><line number="214" hits="1"/><line number="218" hits="1"/><line number="221" hits="1"/><line number="224" hits="1"/><line number="225" hits="1"/><line number="226" hits="1"/><line number="227" hits="1"/><line number="230" hits="1"/><line number="231" hits="1"/><line number="232" hits="1"/><line number="235" hits="2"/><line number="237" hits="1"/><line number="240" hits="1"/><line number="244" hits="2"/><line number="245" hits="2"/><line number="248" hits="2"/><line number="249" hits="2"/><line number="250" hits="1"/><line number="253" hits="2"/><line number="254" hits="1"/><line number="256" hits="1"/><line number="259" hits="1"/><line number="260" hits="1"/><line number="261" hits="2"/><line number="262" hits="2"/><line number="263" hits="1"/><line number="264" hits="1"/><line number="265" hits="1"/><line number="267" hits="1"/><line number="268" hits="2"/><line number="269" hits="2"/><line number="270" hits="2"/><line number="272" hits="2"/><line number="274" hits="2"/><line number="275" hits="1"/><line number="277" hits="1"/><line number="280" hits="1"/><line number="286" hits="2"/><line number="287" hits="2"/><line number="288" hits="2"/><line number="291" hits="1"/><line number="297" hits="3"/><line number="298" hits="1"/><line number="299" hits="3"/><line number="300" hits="1"/><line number="301" hits="1"/><line number="302" hits="1"/><line number="304" hits="1"/><line number="306" hits="1"/><line number="309" hits="1"/><line number="310" hits="1"/><line number="311" hits="2"/><line number="312" hits="4"/><line number="314" hits="4"/><line number="315" hits="1"/><line number="316" hits="2"/><line number="318" hits="2"/><line number="320" hits="1"/><line number="323" hits="1"/><line number="324" hits="1"/><line number="325" hits="1"/><line number="326" hits="1"/><line number="329" hits="1"/><line number="330" hits="1"/><line number="331" hits="1"/><line number="334" hits="2"/><line number="336" hits="1"/><line number="339" hits="1"/><line number="342" hits="3"/><line number="343" hits="1"/><line number="345" hits="2"/><line number="346" hits="1"/><line number="348" hits="1"/><line number="351" hits="1"/><line number="368" hits="1"/><line number="372" hits="1"/><line number="373" hits="1"/><line number="383" hits="2"/><line number="384" hits="2"/><line number="388" hits="1"/><line number="389" hits="2"/><line number="390" hits="1"/><line number="891" hits="1"/><line number="892" hits="1"/><line number="893" hits="1"/><line number="894" hits="1"/><line number="895" hits="1"/><line number="896" hits="1"/><line number="902" hits="1"/><line number="903" hits="1"/><line number="904" hits="1"/><line number="905" hits="1"/><line number="906" hits="1"/></lines></class><class name="core" filename="src/core.rs" line-rate="0.9135538954108858" branch-rate="0" complexity="0"><methods/><lines><line number="194" hits="2"/><line number="195" hits="2"/><line number="196" hits="6"/><line number="197" hits="2"/><line number="198" hits="2"/><line number="199" hits="2"/><line number="204" hits="1"/><line number="207" hits="2"/><line number="208" hits="1"/><line number="209" hits="1"/><line number="210" hits="3"/><line number="211" hits="1"/><line number="833" hits="1"/><line number="834" hits="3"/><line number="835" hits="1"/><line number="837" hits="2"/><line number="838" hits="1"/><line number="839" hits="1"/><line number="840" hits="3"/><line number="842" hits="1"/><line number="845" hits="1"/><line number="846" hits="3"/><line number="847" hits="1"/><line number="848" hits="1"/><line number="849" hits="1"/><line number="850" hits="1"/><line number="852" hits="1"/><line number="853" hits="1"/><line number="855" hits="0"/><line number="856" hits="0"/><line number="858" hits="1"/><line number="859" hits="1"/><line number="861" hits="1"/><line number="862" hits="1"/><line number="865" hits="1"/><line number="869" hits="0"/><line number="872" hits="1"/><line number="874" hits="1"/><line number="876" hits="2"/><line number="878" hits="1"/><line number="879" hits="2"/><line number="881" hits="1"/><line number="882" hits="2"/><line number="884" hits="1"/><line number="885" hits="1"/><line number="887" hits="1"/><line number="888" hits="1"/><line number="891" hits="1"/><line number="894" hits="1"/><line number="896" hits="1"/><line number="903" hits="1"/><line number="904" hits="1"/><line number="910" hits="2"/><line number="911" hits="2"/><line number="912" hits="1"/><line number="913" hits="1"/><line number="915" hits="0"/><line number="916" hits="0"/><line number="917" hits="0"/><line number="918" hits="0"/><line number="919" hits="0"/><line number="920" hits="0"/><line number="921" hits="0"/><line number="922" hits="0"/><line number="923" hits="0"/><line number="924" hits="0"/><line number="925" hits="0"/><line number="926" hits="0"/><line number="927" hits="0"/><line number="928" hits="0"/><line number="929" hits="0"/><line number="930" hits="0"/><line number="931" hits="0"/><line number="933" hits="0"/><line number="938" hits="1"/><line number="940" hits="1"/><line number="941" hits="1"/><line number="942" hits="1"/><line number="945" hits="2"/><line number="946" hits="2"/><line number="947" hits="2"/><line number="948" hits="0"/><line number="952" hits="2"/><line number="953" hits="1"/><line number="956" hits="2"/><line number="957" hits="2"/><line number="958" hits="2"/><line number="959" hits="2"/><line number="960" hits="2"/><line number="961" hits="0"/><line number="965" hits="2"/><line number="966" hits="1"/><line number="970" hits="2"/><line number="971" hits="1"/><line number="972" hits="1"/><line number="973" hits="1"/><line number="974" hits="1"/><line number="975" hits="2"/><line number="976" hits="2"/><line number="977" hits="2"/><line number="978" hits="2"/><line number="979" hits="2"/><line number="980" hits="1"/><line number="981" hits="2"/><line number="982" hits="2"/><line number="983" hits="1"/><line number="984" hits="1"/><line number="985" hits="2"/><line number="986" hits="2"/><line number="987" hits="2"/><line number="988" hits="1"/><line number="992" hits="2"/><line number="993" hits="1"/><line number="997" hits="2"/><line number="998" hits="2"/><line number="999" hits="0"/><line number="1003" hits="2"/><line number="1004" hits="1"/><line number="1008" hits="1"/><line number="1009" hits="2"/><line number="1010" hits="2"/><line number="1011" hits="0"/><line number="1015" hits="2"/><line number="1016" hits="1"/><line number="1020" hits="2"/><line number="1021" hits="1"/><line number="1022" hits="1"/><line number="1023" hits="2"/><line number="1024" hits="0"/><line number="1028" hits="2"/><line number="1029" hits="1"/><line number="1033" hits="2"/><line number="1034" hits="2"/><line number="1035" hits="0"/><line number="1039" hits="2"/><line number="1040" hits="1"/><line number="1044" hits="2"/><line number="1045" hits="2"/><line number="1046" hits="0"/><line number="1051" hits="2"/><line number="1052" hits="2"/><line number="1053" hits="2"/><line number="1054" hits="2"/><line number="1055" hits="2"/><line number="1056" hits="2"/><line number="1057" hits="2"/><line number="1058" hits="2"/><line number="1059" hits="2"/><line number="1060" hits="2"/><line number="1061" hits="2"/><line number="1062" hits="2"/><line number="1063" hits="2"/><line number="1064" hits="2"/><line number="1065" hits="2"/><line number="1066" hits="1"/><line number="1067" hits="2"/><line number="1068" hits="2"/><line number="1069" hits="2"/><line number="1070" hits="2"/><line number="1071" hits="2"/><line number="1072" hits="2"/><line number="1073" hits="2"/><line number="1074" hits="2"/><line number="1075" hits="2"/><line number="1076" hits="2"/><line number="1077" hits="2"/><line number="1078" hits="2"/><line number="1079" hits="2"/><line number="1080" hits="2"/><line number="1081" hits="2"/><line number="1082" hits="2"/><line number="1083" hits="2"/><line number="1084" hits="2"/><line number="1085" hits="2"/><line number="1086" hits="2"/><line number="1087" hits="2"/><line number="1088" hits="2"/><line number="1089" hits="2"/><line number="1090" hits="2"/><line number="1091" hits="2"/><line number="1092" hits="2"/><line number="1093" hits="2"/><line number="1094" hits="2"/><line number="1095" hits="2"/><line number="1096" hits="2"/><line number="1097" hits="2"/><line number="1098" hits="2"/><line number="1099" hits="2"/><line number="1100" hits="2"/><line number="1101" hits="2"/><line number="1102" hits="2"/><line number="1103" hits="2"/><line number="1104" hits="2"/><line number="1105" hits="2"/><line number="1106" hits="2"/><line number="1107" hits="2"/><line number="1108" hits="2"/><line number="1109" hits="2"/><line number="1110" hits="2"/><line number="1111" hits="2"/><line number="1112" hits="2"/><line number="1113" hits="2"/><line number="1114" hits="1"/><line number="1118" hits="1"/><line number="1119" hits="1"/><line number="1120" hits="1"/><line number="1121" hits="1"/><line number="1122" hits="1"/><line number="1123" hits="1"/><line number="1124" hits="1"/><line number="1125" hits="1"/><line number="1126" hits="1"/><line number="1127" hits="1"/><line number="1129" hits="1"/><line number="1132" hits="1"/><line number="1133" hits="1"/><line number="1134" hits="1"/><line number="1135" hits="1"/><line number="1136" hits="1"/><line number="1137" hits="1"/><line number="1138" hits="1"/><line number="1139" hits="2"/><line number="1140" hits="1"/><line number="1142" hits="1"/><line number="1146" hits="1"/><line number="1151" hits="1"/><line number="1154" hits="3"/><line number="1165" hits="2"/><line number="1166" hits="1"/><line number="1168" hits="1"/><line number="1181" hits="1"/><line number="1190" hits="1"/><line number="1192" hits="1"/><line number="1194" hits="1"/><line number="1198" hits="1"/><line number="1200" hits="1"/><line number="1202" hits="1"/><line number="1203" hits="1"/><line number="1204" hits="1"/><line number="1206" hits="1"/><line number="1208" hits="1"/><line number="1213" hits="1"/><line number="1216" hits="1"/><line number="1217" hits="2"/><line number="1220" hits="1"/><line number="1223" hits="1"/><line number="1224" hits="2"/><line number="1225" hits="1"/><line number="1226" hits="1"/><line number="1227" hits="1"/><line number="1228" hits="1"/><line number="1229" hits="1"/><line number="1230" hits="1"/><line number="1231" hits="1"/><line number="1232" hits="1"/><line number="1238" hits="1"/><line number="1241" hits="0"/><line number="1245" hits="1"/><line number="1246" hits="2"/><line number="1247" hits="0"/><line number="1248" hits="0"/><line number="1249" hits="1"/><line number="1250" hits="0"/><line number="1251" hits="0"/><line number="1252" hits="0"/><line number="1253" hits="0"/><line number="1257" hits="1"/><line number="1258" hits="1"/><line number="1259" hits="1"/><line number="1260" hits="1"/><line number="1262" hits="1"/><line number="1265" hits="1"/><line number="1270" hits="1"/><line number="1271" hits="2"/><line number="1272" hits="1"/><line number="1274" hits="1"/><line number="1276" hits="3"/><line number="1277" hits="4"/><line number="1278" hits="1"/><line number="1281" hits="2"/><line number="1282" hits="1"/><line number="1283" hits="4"/><line number="1284" hits="2"/><line number="1287" hits="1"/><line number="1288" hits="4"/><line number="1290" hits="2"/><line number="1292" hits="0"/><line number="1296" hits="1"/><line number="1297" hits="1"/><line number="1298" hits="1"/><line number="1299" hits="1"/><line number="1301" hits="2"/><line number="1304" hits="1"/><line number="1305" hits="2"/><line number="1308" hits="2"/><line number="1311" hits="1"/><line number="1312" hits="2"/><line number="1317" hits="1"/><line number="1318" hits="3"/><line number="1319" hits="1"/><line number="1320" hits="1"/><line number="1322" hits="1"/><line number="1324" hits="1"/><line number="1325" hits="2"/><line number="1326" hits="1"/><line number="1328" hits="1"/><line number="1330" hits="1"/><line number="1333" hits="1"/><line number="1334" hits="2"/><line number="1337" hits="1"/><line number="1338" hits="1"/><line number="1341" hits="1"/><line number="1342" hits="4"/><line number="1344" hits="2"/><line number="1345" hits="1"/><line number="1347" hits="1"/><line number="1348" hits="2"/><line number="1349" hits="1"/><line number="1351" hits="1"/><line number="1352" hits="1"/><line number="1355" hits="1"/><line number="1366" hits="1"/><line number="1368" hits="2"/><line number="1369" hits="1"/><line number="1371" hits="1"/><line number="1372" hits="1"/><line number="1375" hits="1"/><line number="1376" hits="2"/><line number="1378" hits="3"/><line number="1380" hits="2"/><line number="1383" hits="1"/><line number="1384" hits="2"/><line number="1385" hits="2"/><line number="1387" hits="1"/><line number="1390" hits="1"/><line number="1391" hits="1"/><line number="1392" hits="2"/><line number="1393" hits="1"/><line number="1394" hits="0"/><line number="1396" hits="1"/><line number="1397" hits="1"/><line number="1398" hits="1"/><line number="1400" hits="2"/><line number="1401" hits="2"/><line number="1402" hits="1"/><line number="1403" hits="1"/><line number="1405" hits="1"/><line number="1406" hits="1"/><line number="1407" hits="1"/><line number="1409" hits="2"/><line number="1410" hits="1"/><line number="1412" hits="1"/><line number="1413" hits="1"/><line number="1415" hits="1"/><line number="1416" hits="1"/><line number="1418" hits="1"/><line number="1419" hits="0"/><line number="1421" hits="1"/><line number="1422" hits="1"/><line number="1424" hits="1"/><line number="1425" hits="0"/><line number="1427" hits="1"/><line number="1430" hits="1"/><line number="1431" hits="1"/><line number="1432" hits="1"/><line number="1434" hits="1"/><line number="1436" hits="1"/><line number="1437" hits="1"/><line number="1439" hits="1"/><line number="1440" hits="1"/><line number="1442" hits="1"/><line number="1443" hits="1"/><line number="1446" hits="1"/><line number="1447" hits="2"/><line number="1448" hits="2"/><line number="1449" hits="1"/><line number="1450" hits="4"/><line number="1451" hits="2"/><line number="1452" hits="1"/><line number="1453" hits="1"/><line number="1454" hits="1"/><line number="1455" hits="1"/><line number="1457" hits="1"/><line number="1458" hits="3"/><line number="1459" hits="1"/><line number="1460" hits="1"/><line number="1461" hits="1"/><line number="1462" hits="1"/><line number="1463" hits="1"/><line number="1465" hits="1"/><line number="1466" hits="1"/><line number="1476" hits="1"/><line number="1479" hits="1"/><line number="1480" hits="1"/><line number="1485" hits="1"/><line number="1486" hits="1"/><line number="1489" hits="1"/><line number="1492" hits="0"/><line number="1496" hits="1"/><line number="1497" hits="1"/><line number="1498" hits="1"/><line number="1499" hits="1"/><line number="1502" hits="1"/><line number="1503" hits="1"/><line number="1504" hits="2"/><line number="1505" hits="1"/><line number="1506" hits="1"/><line number="1507" hits="1"/><line number="1508" hits="1"/><line number="1512" hits="1"/><line number="1513" hits="1"/><line number="1514" hits="1"/><line number="1516" hits="1"/><line number="1517" hits="1"/><line number="1518" hits="1"/><line number="1520" hits="1"/><line number="1521" hits="1"/><line number="1522" hits="1"/><line number="1525" hits="1"/><line number="1526" hits="1"/><line number="1527" hits="1"/><line number="1528" hits="1"/><line number="1529" hits="1"/><line number="1532" hits="1"/><line number="1533" hits="2"/><line number="1534" hits="1"/><line number="1538" hits="1"/><line number="1539" hits="1"/><line number="1540" hits="1"/><line number="1541" hits="1"/><line number="1542" hits="1"/><line number="1545" hits="1"/><line number="1546" hits="2"/><line number="1547" hits="1"/><line number="1548" hits="1"/><line number="1549" hits="1"/><line number="1552" hits="1"/><line number="1553" hits="1"/><line number="1554" hits="1"/><line number="1557" hits="1"/><line number="1560" hits="1"/><line number="1561" hits="2"/><line number="1562" hits="1"/><line number="1563" hits="1"/><line number="1564" hits="1"/><line number="1568" hits="1"/><line number="1569" hits="1"/><line number="1572" hits="1"/><line number="1573" hits="1"/><line number="1574" hits="1"/><line number="1575" hits="1"/><line number="1576" hits="0"/><line number="1579" hits="1"/><line number="1580" hits="1"/><line number="1581" hits="1"/><line number="1583" hits="1"/><line number="1584" hits="1"/><line number="1585" hits="1"/><line number="1588" hits="1"/><line number="1589" hits="1"/><line number="1590" hits="1"/><line number="1591" hits="1"/><line number="1592" hits="1"/><line number="1593" hits="1"/><line number="1597" hits="1"/><line number="1598" hits="1"/><line number="1599" hits="1"/><line number="1600" hits="1"/><line number="1606" hits="1"/><line number="1607" hits="1"/><line number="1608" hits="1"/><line number="1609" hits="2"/><line number="1610" hits="1"/><line number="1614" hits="1"/><line number="1615" hits="1"/><line number="1616" hits="1"/><line number="1617" hits="1"/><line number="1624" hits="1"/><line number="1625" hits="2"/><line number="1626" hits="1"/><line number="1627" hits="1"/><line number="1628" hits="1"/><line number="1632" hits="1"/><line number="1633" hits="1"/><line number="1634" hits="1"/><line number="1635" hits="1"/><line number="1637" hits="1"/><line number="1640" hits="1"/><line number="1641" hits="1"/><line number="1642" hits="1"/><line number="1644" hits="1"/><line number="1645" hits="1"/><line number="1646" hits="1"/><line number="1648" hits="1"/><line number="1649" hits="1"/><line number="1650" hits="1"/><line number="1653" hits="1"/><line number="1654" hits="1"/><line number="1655" hits="1"/><line number="1656" hits="1"/><line number="1659" hits="1"/><line number="1660" hits="2"/><line number="1661" hits="1"/><line number="1662" hits="1"/><line number="1663" hits="1"/><line number="1666" hits="1"/><line number="1667" hits="1"/><line number="1668" hits="3"/><line number="1670" hits="1"/><line number="1671" hits="4"/><line number="1672" hits="1"/><line number="1673" hits="1"/><line number="1674" hits="1"/><line number="1677" hits="1"/><line number="1679" hits="1"/><line number="1685" hits="1"/><line number="1686" hits="2"/><line number="1687" hits="1"/><line number="1692" hits="1"/><line number="1693" hits="1"/><line number="1694" hits="1"/><line number="1695" hits="1"/><line number="1697" hits="3"/><line number="1699" hits="1"/><line number="1700" hits="4"/><line number="1701" hits="1"/><line number="1702" hits="1"/><line number="1703" hits="1"/><line number="1705" hits="1"/><line number="1706" hits="1"/><line number="1707" hits="1"/><line number="1709" hits="1"/><line number="1710" hits="1"/><line number="1711" hits="1"/><line number="1712" hits="1"/><line number="1713" hits="1"/><line number="1715" hits="1"/><line number="1716" hits="1"/><line number="1720" hits="1"/><line number="1721" hits="1"/><line number="1723" hits="1"/><line number="1724" hits="1"/><line number="1725" hits="1"/><line number="1729" hits="1"/><line number="1730" hits="1"/><line number="1731" hits="1"/><line number="1733" hits="1"/><line number="1734" hits="1"/><line number="1735" hits="1"/><line number="1737" hits="1"/><line number="1738" hits="1"/><line number="1739" hits="1"/><line number="1742" hits="1"/><line number="1743" hits="1"/><line number="1744" hits="1"/><line number="1745" hits="1"/><line number="1748" hits="1"/><line number="1749" hits="2"/><line number="1750" hits="1"/><line number="1751" hits="1"/><line number="1752" hits="1"/><line number="1756" hits="1"/><line number="1757" hits="1"/><line number="1758" hits="1"/><line number="1759" hits="2"/><line number="1760" hits="1"/><line number="1761" hits="1"/><line number="1762" hits="1"/><line number="1763" hits="1"/><line number="1766" hits="1"/><line number="1767" hits="1"/><line number="1768" hits="1"/><line number="1770" hits="1"/><line number="1771" hits="1"/><line number="1772" hits="1"/><line number="1774" hits="1"/><line number="1775" hits="1"/><line number="1776" hits="1"/><line number="1778" hits="1"/><line number="1779" hits="1"/><line number="1780" hits="1"/><line number="1783" hits="1"/><line number="1784" hits="1"/><line number="1785" hits="1"/><line number="1788" hits="1"/><line number="1789" hits="2"/><line number="1790" hits="1"/><line number="1791" hits="1"/><line number="1794" hits="1"/><line number="1795" hits="1"/><line number="1796" hits="1"/><line number="1797" hits="1"/><line number="1799" hits="1"/><line number="1800" hits="1"/><line number="1801" hits="1"/><line number="1803" hits="1"/><line number="1804" hits="1"/><line number="1805" hits="1"/><line number="1808" hits="1"/><line number="1809" hits="1"/><line number="1810" hits="1"/><line number="1811" hits="2"/><line number="1812" hits="1"/><line number="1816" hits="1"/><line number="1817" hits="1"/><line number="1818" hits="1"/><line number="1819" hits="1"/><line number="1820" hits="0"/><line number="1824" hits="1"/><line number="1825" hits="2"/><line number="1826" hits="1"/><line number="1827" hits="1"/><line number="1828" hits="1"/><line number="1832" hits="1"/><line number="1833" hits="1"/><line number="1835" hits="1"/><line number="1836" hits="1"/><line number="1838" hits="1"/><line number="1839" hits="1"/><line number="1842" hits="1"/><line number="1843" hits="2"/><line number="1844" hits="1"/><line number="1845" hits="1"/><line number="1847" hits="1"/><line number="1848" hits="1"/><line number="1850" hits="1"/><line number="1851" hits="1"/><line number="1853" hits="1"/><line number="1854" hits="1"/><line number="1856" hits="1"/><line number="1857" hits="1"/><line number="1859" hits="1"/><line number="1860" hits="1"/><line number="1862" hits="1"/><line number="1863" hits="1"/><line number="1865" hits="1"/><line number="1866" hits="1"/><line number="1869" hits="1"/><line number="1870" hits="1"/><line number="1871" hits="1"/><line number="1874" hits="1"/><line number="1875" hits="2"/><line number="1876" hits="1"/><line number="1877" hits="1"/><line number="1879" hits="1"/><line number="1881" hits="1"/><line number="1883" hits="1"/><line number="1884" hits="1"/><line number="1885" hits="1"/><line number="1886" hits="1"/><line number="1887" hits="1"/><line number="1890" hits="1"/><line number="1894" hits="1"/><line number="1895" hits="1"/><line number="1896" hits="1"/><line number="1897" hits="1"/><line number="1901" hits="1"/><line number="1902" hits="1"/><line number="1903" hits="1"/><line number="1904" hits="1"/><line number="1908" hits="1"/><line number="1911" hits="1"/><line number="1912" hits="1"/><line number="1913" hits="1"/><line number="1917" hits="1"/><line number="1920" hits="1"/><line number="1923" hits="3"/><line number="1925" hits="1"/><line number="1926" hits="1"/><line number="1941" hits="1"/><line number="1949" hits="1"/><line number="1951" hits="1"/><line number="1952" hits="1"/><line number="1956" hits="1"/><line number="1957" hits="1"/><line number="1958" hits="0"/><line number="1962" hits="1"/><line number="1963" hits="3"/><line number="1964" hits="1"/><line number="1965" hits="0"/><line number="1969" hits="1"/><line number="1970" hits="3"/><line number="1971" hits="1"/><line number="1972" hits="0"/><line number="1976" hits="1"/><line number="1977" hits="3"/><line number="1978" hits="1"/><line number="1979" hits="0"/><line number="1983" hits="1"/><line number="1984" hits="3"/><line number="1985" hits="1"/><line number="1986" hits="0"/><line number="1990" hits="1"/><line number="1993" hits="3"/><line number="1994" hits="1"/><line number="1995" hits="0"/><line number="2009" hits="1"/><line number="2013" hits="1"/><line number="2017" hits="3"/><line number="2027" hits="1"/><line number="2028" hits="1"/><line number="2030" hits="1"/><line number="2032" hits="0"/><line number="2045" hits="0"/><line number="2054" hits="1"/><line number="2056" hits="1"/><line number="2058" hits="1"/><line number="2062" hits="1"/><line number="2064" hits="1"/><line number="2066" hits="1"/><line number="2067" hits="1"/><line number="2068" hits="1"/><line number="2070" hits="1"/><line number="2072" hits="1"/><line number="2077" hits="1"/><line number="2080" hits="1"/><line number="2081" hits="2"/><line number="2085" hits="1"/><line number="2087" hits="1"/><line number="2088" hits="1"/><line number="2091" hits="1"/><line number="2096" hits="3"/><line number="2106" hits="1"/><line number="2110" hits="3"/><line number="2111" hits="3"/><line number="2113" hits="3"/><line number="2114" hits="1"/><line number="2115" hits="4"/><line number="2117" hits="1"/><line number="2119" hits="1"/><line number="2120" hits="1"/><line number="2123" hits="1"/><line number="2129" hits="1"/><line number="2130" hits="1"/><line number="2131" hits="1"/><line number="2132" hits="1"/><line number="2133" hits="0"/><line number="2135" hits="1"/><line number="2137" hits="1"/><line number="2139" hits="0"/><line number="2140" hits="0"/><line number="2142" hits="0"/><line number="2143" hits="0"/><line number="2146" hits="0"/><line number="2147" hits="0"/><line number="2148" hits="0"/><line number="2151" hits="0"/><line number="2152" hits="0"/><line number="2153" hits="0"/><line number="2154" hits="0"/><line number="2158" hits="1"/><line number="2159" hits="1"/><line number="2160" hits="2"/><line number="2161" hits="1"/><line number="2162" hits="1"/><line number="2163" hits="1"/><line number="2164" hits="1"/><line number="2167" hits="1"/><line number="2168" hits="1"/><line number="2169" hits="1"/><line number="2171" hits="1"/><line number="2172" hits="1"/><line number="2173" hits="1"/><line number="2175" hits="1"/><line number="2176" hits="1"/><line number="2178" hits="1"/><line number="2179" hits="1"/><line number="2182" hits="0"/><line number="2183" hits="0"/><line number="2186" hits="2"/><line number="2187" hits="2"/><line number="2188" hits="1"/><line number="2191" hits="1"/><line number="2192" hits="1"/><line number="2193" hits="1"/><line number="2195" hits="0"/><line number="2196" hits="0"/><line number="2198" hits="0"/><line number="2199" hits="0"/><line number="2202" hits="1"/><line number="2203" hits="1"/><line number="2204" hits="2"/><line number="2205" hits="1"/><line number="2209" hits="1"/><line number="2210" hits="1"/><line number="2211" hits="1"/><line number="2212" hits="0"/><line number="2216" hits="1"/><line number="2217" hits="2"/><line number="2218" hits="1"/><line number="2219" hits="1"/><line number="2222" hits="0"/><line number="2224" hits="1"/><line number="2227" hits="1"/><line number="2233" hits="1"/><line number="2234" hits="1"/><line number="2235" hits="1"/><line number="2236" hits="1"/><line number="2237" hits="0"/><line number="2239" hits="1"/><line number="2241" hits="2"/><line number="2243" hits="1"/><line number="2244" hits="1"/><line number="2246" hits="1"/><line number="2248" hits="1"/><line number="2251" hits="1"/><line number="2257" hits="1"/><line number="2258" hits="1"/><line number="2259" hits="1"/><line number="2260" hits="1"/><line number="2261" hits="0"/><line number="2263" hits="1"/><line number="2265" hits="0"/><line number="2268" hits="2"/><line number="2269" hits="2"/><line number="2270" hits="1"/><line number="2272" hits="1"/><line number="2273" hits="1"/><line number="2275" hits="1"/><line number="2277" hits="1"/><line number="2280" hits="1"/><line number="2286" hits="1"/><line number="2287" hits="1"/><line number="2288" hits="1"/><line number="2289" hits="1"/><line number="2290" hits="0"/><line number="2292" hits="1"/><line number="2294" hits="1"/><line number="2296" hits="0"/><line number="2297" hits="0"/><line number="2299" hits="0"/><line number="2300" hits="0"/><line number="2302" hits="1"/><line number="2303" hits="1"/><line number="2305" hits="1"/><line number="2307" hits="1"/><line number="2310" hits="1"/><line number="2316" hits="1"/><line number="2317" hits="1"/><line number="2318" hits="1"/><line number="2319" hits="1"/><line number="2320" hits="0"/><line number="2322" hits="1"/><line number="2324" hits="2"/><line number="2326" hits="1"/><line number="2327" hits="1"/><line number="2329" hits="1"/><line number="2331" hits="1"/><line number="2334" hits="1"/><line number="2340" hits="1"/><line number="2341" hits="1"/><line number="2342" hits="2"/><line number="2343" hits="1"/><line number="2344" hits="0"/><line number="2346" hits="1"/><line number="2348" hits="1"/><line number="2351" hits="2"/><line number="2352" hits="2"/><line number="2353" hits="1"/><line number="2355" hits="1"/><line number="2357" hits="1"/><line number="2360" hits="1"/><line number="2365" hits="3"/><line number="2375" hits="1"/><line number="2379" hits="3"/><line number="2380" hits="3"/><line number="2382" hits="3"/><line number="2383" hits="1"/><line number="2384" hits="4"/><line number="2386" hits="1"/><line number="2387" hits="1"/><line number="3580" hits="1"/><line number="3584" hits="3"/><line number="3587" hits="1"/><line number="3588" hits="1"/><line number="3591" hits="3"/><line number="3594" hits="1"/><line number="3598" hits="3"/><line number="3601" hits="1"/><line number="3602" hits="1"/><line number="3605" hits="3"/><line number="3608" hits="1"/><line number="3609" hits="1"/><line number="3610" hits="1"/><line number="3613" hits="1"/><line number="3617" hits="3"/><line number="3620" hits="1"/><line number="3621" hits="1"/><line number="3622" hits="1"/><line number="3623" hits="1"/><line number="3625" hits="1"/><line number="3626" hits="1"/><line number="3627" hits="1"/><line number="3629" hits="2"/><line number="3630" hits="1"/><line number="3633" hits="1"/><line number="3634" hits="3"/><line number="3637" hits="1"/><line number="3638" hits="1"/><line number="3639" hits="1"/><line number="3640" hits="2"/><line number="3641" hits="2"/><line number="3643" hits="4"/><line number="3644" hits="1"/><line number="3645" hits="2"/><line number="3646" hits="2"/><line number="3647" hits="1"/><line number="3648" hits="1"/><line number="3649" hits="2"/><line number="3650" hits="1"/><line number="3653" hits="1"/><line number="3656" hits="3"/><line number="3657" hits="3"/><line number="3661" hits="1"/><line number="3667" hits="1"/><line number="3668" hits="3"/><line number="3670" hits="1"/><line number="3671" hits="2"/><line number="3673" hits="1"/><line number="3674" hits="0"/><line number="3677" hits="1"/><line number="3680" hits="1"/><line number="3681" hits="1"/><line number="3682" hits="1"/><line number="3683" hits="1"/><line number="3684" hits="1"/><line number="3688" hits="1"/><line number="3689" hits="1"/><line number="3690" hits="1"/><line number="3694" hits="2"/><line number="3695" hits="1"/><line number="3698" hits="1"/><line number="3701" hits="1"/><line number="3702" hits="1"/><line number="3703" hits="2"/><line number="3704" hits="1"/><line number="3708" hits="3"/></lines></class><class name="io" filename="src/io.rs" line-rate="1" branch-rate="0" complexity="0"><methods/><lines><line number="27" hits="1"/><line number="28" hits="1"/><line number="29" hits="1"/><line number="30" hits="1"/><line number="35" hits="1"/><line number="36" hits="1"/><line number="37" hits="1"/><line number="38" hits="1"/><line number="39" hits="3"/><line number="41" hits="1"/><line number="42" hits="3"/><line number="43" hits="1"/><line number="44" hits="1"/><line number="45" hits="1"/><line number="50" hits="1"/><line number="51" hits="1"/><line number="53" hits="1"/><line number="54" hits="1"/><line number="56" hits="1"/><line number="57" hits="2"/></lines></class><class name="main" filename="src/main.rs" line-rate="0" branch-rate="0" complexity="0"><methods/><lines><line number="16" hits="0"/><line number="17" hits="0"/></lines></class></classes></package><package name="src/interactive" line-rate="0" branch-rate="0" complexity="0"><classes><class name="app" filename="src/interactive/app.rs" line-rate="0" branch-rate="0" complexity="0"><methods/><lines><line number="114" hits="0"/><line number="115" hits="0"/><line number="116" hits="0"/><line number="117" hits="0"/><line number="118" hits="0"/><line number="119" hits="0"/><line number="121" hits="0"/><line number="122" hits="0"/><line number="123" hits="0"/><line number="124" hits="0"/><line number="125" hits="0"/><line number="126" hits="0"/><line number="127" hits="0"/><line number="131" hits="0"/><line number="132" hits="0"/><line number="135" hits="0"/></lines></class></classes></package></packages></coverage>